<?xml version="1.0" encoding="UTF-8"?>
<!-- Generated by org.testng.reporters.JUnitReportReporter -->
<testsuite hostname="DESKTOP-I5RNK02" failures="0" tests="1" name="orange.forl.TestBase" time="14.883" errors="0" timestamp="2022-11-08T10:43:19 IST" skipped="0">
  <testcase classname="orange.forl.TestBase" name="driverhub" time="14.883"/>
  <system-out/>
</testsuite> <!-- orange.forl.TestBase -->
