<?xml version="1.0" encoding="UTF-8"?>
<!-- Generated by org.testng.reporters.JUnitReportReporter -->
<testsuite hostname="DESKTOP-I5RNK02" failures="0" tests="1" name="amazon.automateamazon.Execution" time="3.451" errors="0" timestamp="2022-11-03T15:45:01 IST" skipped="0">
  <testcase classname="amazon.automateamazon.Execution" name="siginpage" time="3.451"/>
  <system-out/>
</testsuite> <!-- amazon.automateamazon.Execution -->
